<?xml version="1.0" encoding="UTF-8"?>
<!-- Generated by org.testng.reporters.JUnitReportReporter -->
<testsuite skipped="0" hostname="admin-PC" name="leaftaps.contact.test.CreateLead" tests="2" failures="0" timestamp="22 Dec 2017 10:22:45 GMT" time="139.702" errors="0">
  <testcase name="creatingLead" time="39.107" classname="leaftaps.contact.test.CreateLead"/>
  <testcase name="creatingLead" time="100.595" classname="leaftaps.contact.test.CreateLead"/>
</testsuite> <!-- leaftaps.contact.test.CreateLead -->
