<?xml version="1.0" encoding="UTF-8"?>
<!-- Generated by org.testng.reporters.JUnitReportReporter -->
<testsuite skipped="0" hostname="admin-PC" name="com.annotation.test.Annoying" tests="1" failures="0" timestamp="22 Dec 2017 10:20:14 GMT" time="0.007" errors="0">
  <testcase name="differentClass" time="0.007" classname="com.annotation.test.Annoying"/>
</testsuite> <!-- com.annotation.test.Annoying -->
