<?xml version="1.0" encoding="UTF-8"?>
<!-- Generated by org.testng.reporters.JUnitReportReporter -->
<testsuite skipped="0" hostname="E6420-PC" name="leaftaps.lead.test.CreateContact" tests="1" failures="0" timestamp="20 Dec 2017 07:15:49 GMT" time="23.294" errors="0">
  <testcase name="creatingContact" time="23.294" classname="leaftaps.lead.test.CreateContact"/>
</testsuite> <!-- leaftaps.lead.test.CreateContact -->
