<?xml version="1.0" encoding="UTF-8"?>
<!-- Generated by org.testng.reporters.JUnitReportReporter -->
<testsuite skipped="0" hostname="E6420-PC" name="com.annotation.test.AnnotationTest" tests="1" failures="0" timestamp="20 Dec 2017 09:38:20 GMT" time="0.008" errors="0">
  <testcase name="aman" time="0.008" classname="com.annotation.test.AnnotationTest"/>
</testsuite> <!-- com.annotation.test.AnnotationTest -->
