<?xml version="1.0" encoding="UTF-8"?>
<!-- Generated by org.testng.reporters.JUnitReportReporter -->
<testsuite skipped="0" hostname="admin-PC" name="com.excel.test.SampleExcel" tests="1" failures="0" timestamp="22 Dec 2017 07:07:34 GMT" time="0.809" errors="0">
  <testcase name="readExcel" time="0.809" classname="com.excel.test.SampleExcel"/>
</testsuite> <!-- com.excel.test.SampleExcel -->
